<?xml version="1.0" encoding="UTF-8"?>
<!-- Generated by org.testng.reporters.JUnitReportReporter -->
<testsuite hostname="Karthick" name="com.product.test.SearchArea" tests="1" failures="0" timestamp="20 Dec 2017 17:00:51 GMT" time="0.684" errors="0">
  <testcase name="searchProduct" time="0.684" classname="com.product.test.SearchArea"/>
</testsuite> <!-- com.product.test.SearchArea -->
