<?xml version="1.0" encoding="UTF-8"?>
<!-- Generated by org.testng.reporters.JUnitReportReporter -->
<testsuite hostname="Karthick" name="com.product.test.SearchArea" tests="2" failures="0" timestamp="19 Dec 2017 16:40:15 GMT" time="1.097" errors="0">
  <testcase name="searchProduct" time="0.435" classname="com.product.test.SearchArea"/>
  <testcase name="searchProduct" time="0.662" classname="com.product.test.SearchArea"/>
</testsuite> <!-- com.product.test.SearchArea -->
